Vivado Simulator 2020.1
Time resolution is 1 ps
Note: other
Time: 0 ps  Iteration: 0  Process: /CPU_TB/i_alu/line__54  File: C:/Users/user/Documents/Classes/Spring 2021/Computer Organization/VHDL/SingleCycleCPU/SingleCycleCPU.srcs/sources_1/new/ALU.vhd
Note: ALU performed ADD operation
Time: 0 ps  Iteration: 4  Process: /CPU_TB/i_alu/line__54  File: C:/Users/user/Documents/Classes/Spring 2021/Computer Organization/VHDL/SingleCycleCPU/SingleCycleCPU.srcs/sources_1/new/ALU.vhd
Note: ALU performed ADD operation
Time: 10 ns  Iteration: 2  Process: /CPU_TB/i_alu/line__54  File: C:/Users/user/Documents/Classes/Spring 2021/Computer Organization/VHDL/SingleCycleCPU/SingleCycleCPU.srcs/sources_1/new/ALU.vhd
Note: ALU performed ADD operation
Time: 10 ns  Iteration: 3  Process: /CPU_TB/i_alu/line__54  File: C:/Users/user/Documents/Classes/Spring 2021/Computer Organization/VHDL/SingleCycleCPU/SingleCycleCPU.srcs/sources_1/new/ALU.vhd
Note: ALU performed ADD operation
Time: 40 ns  Iteration: 2  Process: /CPU_TB/i_alu/line__54  File: C:/Users/user/Documents/Classes/Spring 2021/Computer Organization/VHDL/SingleCycleCPU/SingleCycleCPU.srcs/sources_1/new/ALU.vhd
Note: ALU performed SUB operation
Time: 50 ns  Iteration: 6  Process: /CPU_TB/i_alu/line__54  File: C:/Users/user/Documents/Classes/Spring 2021/Computer Organization/VHDL/SingleCycleCPU/SingleCycleCPU.srcs/sources_1/new/ALU.vhd
Note: ALU performed SUB operation
Time: 60 ns  Iteration: 2  Process: /CPU_TB/i_alu/line__54  File: C:/Users/user/Documents/Classes/Spring 2021/Computer Organization/VHDL/SingleCycleCPU/SingleCycleCPU.srcs/sources_1/new/ALU.vhd
Note: ALU performed SUB operation
Time: 60 ns  Iteration: 3  Process: /CPU_TB/i_alu/line__54  File: C:/Users/user/Documents/Classes/Spring 2021/Computer Organization/VHDL/SingleCycleCPU/SingleCycleCPU.srcs/sources_1/new/ALU.vhd
Note: ALU performed SUB operation
Time: 70 ns  Iteration: 2  Process: /CPU_TB/i_alu/line__54  File: C:/Users/user/Documents/Classes/Spring 2021/Computer Organization/VHDL/SingleCycleCPU/SingleCycleCPU.srcs/sources_1/new/ALU.vhd
Note: ALU performed ADD operation
Time: 70 ns  Iteration: 5  Process: /CPU_TB/i_alu/line__54  File: C:/Users/user/Documents/Classes/Spring 2021/Computer Organization/VHDL/SingleCycleCPU/SingleCycleCPU.srcs/sources_1/new/ALU.vhd
Note: ALU performed PASS operation
Time: 90 ns  Iteration: 6  Process: /CPU_TB/i_alu/line__54  File: C:/Users/user/Documents/Classes/Spring 2021/Computer Organization/VHDL/SingleCycleCPU/SingleCycleCPU.srcs/sources_1/new/ALU.vhd
Note: ALU performed PASS operation
Time: 100 ns  Iteration: 3  Process: /CPU_TB/i_alu/line__54  File: C:/Users/user/Documents/Classes/Spring 2021/Computer Organization/VHDL/SingleCycleCPU/SingleCycleCPU.srcs/sources_1/new/ALU.vhd
